<?xml version="1.0" encoding="UTF-8"?>
<!-- Generated by org.testng.reporters.JUnitReportReporter -->
<testsuite skipped="0" hostname="Sanjay" name="sampleJenkinsProject.JenkinsTest" tests="1" failures="0" timestamp="2021-05-30T23:57:59 IST" time="9.883" errors="0">
  <testcase name="sampleJenkinsTest" time="9.883" classname="sampleJenkinsProject.JenkinsTest"/>
  <system-out/>
</testsuite> <!-- sampleJenkinsProject.JenkinsTest -->
