<?xml version="1.0" encoding="UTF-8"?>
<!-- Generated by org.testng.reporters.JUnitReportReporter -->
<testsuite skipped="0" hostname="Sanjay" name="sampleJenkinsProject.JenkinsTest" tests="1" failures="0" timestamp="2021-05-31T01:10:01 IST" time="63.107" errors="0">
  <testcase name="sampleJenkinsTest" time="63.107" classname="sampleJenkinsProject.JenkinsTest"/>
  <system-out/>
</testsuite> <!-- sampleJenkinsProject.JenkinsTest -->
